<?xml version="1.0" encoding="UTF-8"?>
<!-- Generated by org.testng.reporters.JUnitXMLReporter -->
<testsuite ignored="0" hostname="Amayas-MacBook-Air.local" failures="1" tests="1" name="Dashboard Test Execution" time="17.349" errors="0" timestamp="2025-12-16T21:19:16 IST">
  <testcase classname="tests.DashboardTests" name="dashboardLoadTest" time="13.114">
    <failure type="java.lang.NullPointerException" message="Cannot invoke &amp;quot;org.openqa.selenium.WebDriver.getClass()&amp;quot; because &amp;quot;exceptionDriver&amp;quot; is null">
      <![CDATA[java.lang.NullPointerException: Cannot invoke "org.openqa.selenium.WebDriver.getClass()" because "exceptionDriver" is null
at org.openqa.selenium.support.ui.WebDriverWait.timeoutException(WebDriverWait.java:85)
at org.openqa.selenium.support.ui.FluentWait.until(FluentWait.java:228)
at pages.DashboardPage.isLaunchDashboardLinkDisplayed(DashboardPage.java:30)
at tests.DashboardTests.dashboardLoadTest(DashboardTests.java:18)
at java.base/java.util.ArrayList.forEach(ArrayList.java:1597)
... Removed 25 stack frames]]>
    </failure>
  </testcase> <!-- dashboardLoadTest -->
</testsuite> <!-- Dashboard Test Execution -->
