<?xml version="1.0" encoding="UTF-8"?>
<!-- Generated by org.testng.reporters.JUnitXMLReporter -->
<testsuite ignored="0" hostname="Amayas-MacBook-Air.local" failures="1" tests="1" name="Login Test Execution" time="30.109" errors="0" timestamp="2025-12-16T21:19:46 IST">
  <testcase classname="tests.LoginTests" name="loginAfterLaunchDashboard" time="17.937">
    <failure type="java.lang.NullPointerException" message="Cannot invoke &amp;quot;org.openqa.selenium.WebDriver.getClass()&amp;quot; because &amp;quot;exceptionDriver&amp;quot; is null">
      <![CDATA[java.lang.NullPointerException: Cannot invoke "org.openqa.selenium.WebDriver.getClass()" because "exceptionDriver" is null
at org.openqa.selenium.support.ui.WebDriverWait.timeoutException(WebDriverWait.java:85)
at org.openqa.selenium.support.ui.FluentWait.until(FluentWait.java:228)
at pages.DashboardPage.isLaunchDashboardLinkDisplayed(DashboardPage.java:30)
at tests.LoginTests.loginAfterLaunchDashboard(LoginTests.java:16)
at java.base/java.util.ArrayList.forEach(ArrayList.java:1597)
... Removed 25 stack frames]]>
    </failure>
  </testcase> <!-- loginAfterLaunchDashboard -->
</testsuite> <!-- Login Test Execution -->
