<?xml version="1.0" encoding="UTF-8"?>
<testng-results ignored="0" total="2" passed="2" failed="0" skipped="0">
  <reporter-output>
  </reporter-output>
  <suite started-at="2025-12-20T22:11:05 IST" name="AmayaAutomationSuite" finished-at="2025-12-20T22:11:23 IST" duration-ms="18647">
    <groups>
    </groups>
    <test started-at="2025-12-20T22:11:05 IST" name="Login Test Execution" finished-at="2025-12-20T22:11:23 IST" duration-ms="18647">
      <class name="tests.LoginTests">
        <test-method is-config="true" signature="setUp()[pri:0, instance:tests.LoginTests@639c2c1d]" started-at="2025-12-20T22:11:05 IST" name="setUp" finished-at="2025-12-20T22:11:12 IST" duration-ms="6933" status="PASS">
          <reporter-output>
          </reporter-output>
        </test-method> <!-- setUp -->
        <test-method signature="loginAfterLaunchDashboard()[pri:0, instance:tests.LoginTests@639c2c1d]" started-at="2025-12-20T22:11:12 IST" name="loginAfterLaunchDashboard" description="Verify successful login after clicking launch dashboard" finished-at="2025-12-20T22:11:15 IST" duration-ms="3442" status="PASS">
          <reporter-output>
          </reporter-output>
        </test-method> <!-- loginAfterLaunchDashboard -->
        <test-method is-config="true" signature="tearDown()[pri:0, instance:tests.LoginTests@639c2c1d]" started-at="2025-12-20T22:11:15 IST" name="tearDown" finished-at="2025-12-20T22:11:15 IST" duration-ms="92" status="PASS">
          <reporter-output>
          </reporter-output>
        </test-method> <!-- tearDown -->
      </class> <!-- tests.LoginTests -->
      <class name="tests.ProductsTests">
        <test-method is-config="true" signature="setUp()[pri:0, instance:tests.ProductsTests@682b2fa]" started-at="2025-12-20T22:11:15 IST" name="setUp" finished-at="2025-12-20T22:11:19 IST" duration-ms="3767" status="PASS">
          <reporter-output>
          </reporter-output>
        </test-method> <!-- setUp -->
        <test-method signature="testNavigateToProducts()[pri:0, instance:tests.ProductsTests@682b2fa]" started-at="2025-12-20T22:11:19 IST" name="testNavigateToProducts" description="Verify navigation to Products page from dashboard." finished-at="2025-12-20T22:11:23 IST" duration-ms="4307" status="PASS">
          <reporter-output>
          </reporter-output>
        </test-method> <!-- testNavigateToProducts -->
        <test-method is-config="true" signature="tearDown()[pri:0, instance:tests.ProductsTests@682b2fa]" started-at="2025-12-20T22:11:23 IST" name="tearDown" finished-at="2025-12-20T22:11:23 IST" duration-ms="89" status="PASS">
          <reporter-output>
          </reporter-output>
        </test-method> <!-- tearDown -->
      </class> <!-- tests.ProductsTests -->
    </test> <!-- Login Test Execution -->
  </suite> <!-- AmayaAutomationSuite -->
</testng-results>
